0 info it worked if it ends with ok
1 verbose cli [ '/Users/pmikitsh/.nvm/versions/node/v6.14.2/bin/node',
1 verbose cli   '/Users/pmikitsh/.nvm/versions/node/v6.14.2/bin/npm',
1 verbose cli   'i',
1 verbose cli   '--save',
1 verbose cli   'https://github.com/ReactTraining/react-router/tarball/13a855b71709645cb194ad083e8edc2161ce6e52' ]
2 info using npm@3.10.10
3 info using node@v6.14.2
4 silly loadCurrentTree Starting
5 silly install loadCurrentTree
6 silly install readLocalPackageData
7 silly fetchPackageMetaData https://github.com/ReactTraining/react-router/tarball/13a855b71709645cb194ad083e8edc2161ce6e52
8 silly fetchOtherPackageData https://github.com/ReactTraining/react-router/tarball/13a855b71709645cb194ad083e8edc2161ce6e52
9 silly cache add args [ 'https://github.com/ReactTraining/react-router/tarball/13a855b71709645cb194ad083e8edc2161ce6e52',
9 silly cache add   null ]
10 verbose cache add spec https://github.com/ReactTraining/react-router/tarball/13a855b71709645cb194ad083e8edc2161ce6e52
11 silly cache add parsed spec Result {
11 silly cache add   raw: 'https://github.com/ReactTraining/react-router/tarball/13a855b71709645cb194ad083e8edc2161ce6e52',
11 silly cache add   scope: null,
11 silly cache add   escapedName: null,
11 silly cache add   name: null,
11 silly cache add   rawSpec: 'https://github.com/ReactTraining/react-router/tarball/13a855b71709645cb194ad083e8edc2161ce6e52',
11 silly cache add   spec: 'https://github.com/ReactTraining/react-router/tarball/13a855b71709645cb194ad083e8edc2161ce6e52',
11 silly cache add   type: 'remote' }
12 silly mapToRegistry name https://github.com/ReactTraining/react-router/tarball/13a855b71709645cb194ad083e8edc2161ce6e52
13 silly mapToRegistry using default registry
14 silly mapToRegistry registry https://registry.npmjs.org/
15 silly mapToRegistry data Result {
15 silly mapToRegistry   raw: 'https://github.com/ReactTraining/react-router/tarball/13a855b71709645cb194ad083e8edc2161ce6e52',
15 silly mapToRegistry   scope: null,
15 silly mapToRegistry   escapedName: null,
15 silly mapToRegistry   name: null,
15 silly mapToRegistry   rawSpec: 'https://github.com/ReactTraining/react-router/tarball/13a855b71709645cb194ad083e8edc2161ce6e52',
15 silly mapToRegistry   spec: 'https://github.com/ReactTraining/react-router/tarball/13a855b71709645cb194ad083e8edc2161ce6e52',
15 silly mapToRegistry   type: 'remote' }
16 silly mapToRegistry uri https://github.com/ReactTraining/react-router/tarball/13a855b71709645cb194ad083e8edc2161ce6e52
17 silly scopeAuth https://github.com/ReactTraining/react-router/tarball/13a855b71709645cb194ad083e8edc2161ce6e52 doesn't share host with registry https://registry.npmjs.org/
18 verbose addRemoteTarball https://github.com/ReactTraining/react-router/tarball/13a855b71709645cb194ad083e8edc2161ce6e52 not in flight; adding
19 verbose addRemoteTarball [ 'https://github.com/ReactTraining/react-router/tarball/13a855b71709645cb194ad083e8edc2161ce6e52',
19 verbose addRemoteTarball   null ]
20 info retry fetch attempt 1 at 3:58:12 PM
21 info attempt registry request try #1 at 3:58:12 PM
22 http fetch GET https://github.com/ReactTraining/react-router/tarball/13a855b71709645cb194ad083e8edc2161ce6e52
23 verbose request id d027e213e67bc8ca
24 http fetch 200 https://github.com/ReactTraining/react-router/tarball/13a855b71709645cb194ad083e8edc2161ce6e52
25 silly fetchAndShaCheck shasum c29140e9cad8d89417144b516e39a7194e14db41
26 verbose addTmpTarball /var/folders/0t/s2g7nch14jn9zqvyr34x09jc3b49wy/T/npm-70127-5b9f9aa7/github.com/ReactTraining/react-router/tarball/13a855b71709645cb194ad083e8edc2161ce6e52 not in flight; adding
27 verbose correctMkdir /Users/pmikitsh/.npm correctMkdir not in flight; initializing
28 verbose addTmpTarball validating metadata from /var/folders/0t/s2g7nch14jn9zqvyr34x09jc3b49wy/T/npm-70127-5b9f9aa7/github.com/ReactTraining/react-router/tarball/13a855b71709645cb194ad083e8edc2161ce6e52
29 verbose tar unpack /var/folders/0t/s2g7nch14jn9zqvyr34x09jc3b49wy/T/npm-70127-5b9f9aa7/github.com/ReactTraining/react-router/tarball/13a855b71709645cb194ad083e8edc2161ce6e52
30 verbose tar unpacking to /var/folders/0t/s2g7nch14jn9zqvyr34x09jc3b49wy/T/npm-70127-5b9f9aa7/unpack-cce534fd
31 silly gentlyRm /var/folders/0t/s2g7nch14jn9zqvyr34x09jc3b49wy/T/npm-70127-5b9f9aa7/unpack-cce534fd is being purged
32 verbose gentlyRm don't care about contents; nuking /var/folders/0t/s2g7nch14jn9zqvyr34x09jc3b49wy/T/npm-70127-5b9f9aa7/unpack-cce534fd
33 silly gunzTarPerm modes [ '755', '644' ]
34 silly gunzTarPerm extractEntry
35 silly gunzTarPerm modified mode [ '', 509, 493 ]
36 silly gunzTarPerm extractEntry .github/
37 silly gunzTarPerm modified mode [ '.github/', 509, 493 ]
38 silly gunzTarPerm extractEntry .github/lock.yml
39 silly gunzTarPerm modified mode [ '.github/lock.yml', 436, 420 ]
40 silly gunzTarPerm extractEntry .gitignore
41 silly gunzTarPerm modified mode [ '.gitignore', 436, 420 ]
42 silly gunzTarPerm extractEntry .prettierignore
43 silly gunzTarPerm modified mode [ '.prettierignore', 436, 420 ]
44 silly gunzTarPerm extractEntry .travis.yml
45 silly gunzTarPerm modified mode [ '.travis.yml', 436, 420 ]
46 silly gunzTarPerm extractEntry CHANGES.md
47 silly gunzTarPerm modified mode [ 'CHANGES.md', 436, 420 ]
48 silly gunzTarPerm extractEntry CONTRIBUTING.md
49 silly gunzTarPerm modified mode [ 'CONTRIBUTING.md', 436, 420 ]
50 silly gunzTarPerm extractEntry FAQ.md
51 silly gunzTarPerm modified mode [ 'FAQ.md', 436, 420 ]
52 silly gunzTarPerm extractEntry ISSUE_TEMPLATE.md
53 silly gunzTarPerm modified mode [ 'ISSUE_TEMPLATE.md', 436, 420 ]
54 silly gunzTarPerm extractEntry LICENSE
55 silly gunzTarPerm modified mode [ 'LICENSE', 436, 420 ]
56 silly gunzTarPerm extractEntry README.md
57 silly gunzTarPerm modified mode [ 'README.md', 436, 420 ]
58 silly gunzTarPerm extractEntry lerna.json
59 silly gunzTarPerm modified mode [ 'lerna.json', 436, 420 ]
60 silly gunzTarPerm extractEntry package-lock.json
61 silly gunzTarPerm modified mode [ 'package-lock.json', 436, 420 ]
62 silly gunzTarPerm extractEntry package.json
63 silly gunzTarPerm modified mode [ 'package.json', 436, 420 ]
64 silly gunzTarPerm extractEntry packages/
65 silly gunzTarPerm modified mode [ 'packages/', 509, 493 ]
66 silly gunzTarPerm extractEntry packages/react-router-config/
67 silly gunzTarPerm modified mode [ 'packages/react-router-config/', 509, 493 ]
68 silly gunzTarPerm extractEntry packages/react-router-config/.gitignore
69 silly gunzTarPerm modified mode [ 'packages/react-router-config/.gitignore', 436, 420 ]
70 silly gunzTarPerm extractEntry packages/react-router-config/README.md
71 silly gunzTarPerm modified mode [ 'packages/react-router-config/README.md', 436, 420 ]
72 silly gunzTarPerm extractEntry packages/react-router-config/modules/
73 silly gunzTarPerm modified mode [ 'packages/react-router-config/modules/', 509, 493 ]
74 silly gunzTarPerm extractEntry packages/react-router-config/modules/.babelrc
75 silly gunzTarPerm modified mode [ 'packages/react-router-config/modules/.babelrc', 436, 420 ]
76 silly gunzTarPerm extractEntry packages/react-router-config/modules/.eslintrc
77 silly gunzTarPerm modified mode [ 'packages/react-router-config/modules/.eslintrc', 436, 420 ]
78 silly gunzTarPerm extractEntry packages/react-router-config/modules/__tests__/
79 silly gunzTarPerm modified mode [ 'packages/react-router-config/modules/__tests__/', 509, 493 ]
80 silly gunzTarPerm extractEntry packages/react-router-config/modules/__tests__/.eslintrc
81 silly gunzTarPerm modified mode [ 'packages/react-router-config/modules/__tests__/.eslintrc',
81 silly gunzTarPerm   436,
81 silly gunzTarPerm   420 ]
82 silly gunzTarPerm extractEntry packages/react-router-config/modules/__tests__/integration-test.js
83 silly gunzTarPerm modified mode [ 'packages/react-router-config/modules/__tests__/integration-test.js',
83 silly gunzTarPerm   436,
83 silly gunzTarPerm   420 ]
84 silly gunzTarPerm extractEntry packages/react-router-config/modules/__tests__/matchRoutes-test.js
85 silly gunzTarPerm modified mode [ 'packages/react-router-config/modules/__tests__/matchRoutes-test.js',
85 silly gunzTarPerm   436,
85 silly gunzTarPerm   420 ]
86 silly gunzTarPerm extractEntry packages/react-router-config/modules/__tests__/renderRoutes-test.js
87 silly gunzTarPerm modified mode [ 'packages/react-router-config/modules/__tests__/renderRoutes-test.js',
87 silly gunzTarPerm   436,
87 silly gunzTarPerm   420 ]
88 silly gunzTarPerm extractEntry packages/react-router-config/modules/index.js
89 silly gunzTarPerm modified mode [ 'packages/react-router-config/modules/index.js', 436, 420 ]
90 silly gunzTarPerm extractEntry packages/react-router-config/modules/matchRoutes.js
91 silly gunzTarPerm modified mode [ 'packages/react-router-config/modules/matchRoutes.js',
91 silly gunzTarPerm   436,
91 silly gunzTarPerm   420 ]
92 silly gunzTarPerm extractEntry packages/react-router-config/modules/renderRoutes.js
93 silly gunzTarPerm modified mode [ 'packages/react-router-config/modules/renderRoutes.js',
93 silly gunzTarPerm   436,
93 silly gunzTarPerm   420 ]
94 silly gunzTarPerm extractEntry packages/react-router-config/package-lock.json
95 silly gunzTarPerm modified mode [ 'packages/react-router-config/package-lock.json', 436, 420 ]
96 silly gunzTarPerm extractEntry packages/react-router-config/package.json
97 silly gunzTarPerm modified mode [ 'packages/react-router-config/package.json', 436, 420 ]
98 silly gunzTarPerm extractEntry packages/react-router-config/rollup.config.js
99 silly gunzTarPerm modified mode [ 'packages/react-router-config/rollup.config.js', 436, 420 ]
100 silly gunzTarPerm extractEntry packages/react-router-config/tools/
101 silly gunzTarPerm modified mode [ 'packages/react-router-config/tools/', 509, 493 ]
102 silly gunzTarPerm extractEntry packages/react-router-config/tools/babel-preset.js
103 silly gunzTarPerm modified mode [ 'packages/react-router-config/tools/babel-preset.js',
103 silly gunzTarPerm   436,
103 silly gunzTarPerm   420 ]
104 silly gunzTarPerm extractEntry packages/react-router-config/tools/build.js
105 silly gunzTarPerm modified mode [ 'packages/react-router-config/tools/build.js', 436, 420 ]
106 silly gunzTarPerm extractEntry packages/react-router-dom/
107 silly gunzTarPerm modified mode [ 'packages/react-router-dom/', 509, 493 ]
108 silly gunzTarPerm extractEntry packages/react-router-dom/.gitignore
109 silly gunzTarPerm modified mode [ 'packages/react-router-dom/.gitignore', 436, 420 ]
110 silly gunzTarPerm extractEntry packages/react-router-dom/README.md
111 silly gunzTarPerm modified mode [ 'packages/react-router-dom/README.md', 436, 420 ]
112 silly gunzTarPerm extractEntry packages/react-router-dom/docs/
113 silly gunzTarPerm modified mode [ 'packages/react-router-dom/docs/', 509, 493 ]
114 silly gunzTarPerm extractEntry packages/react-router-dom/docs/api/
115 silly gunzTarPerm modified mode [ 'packages/react-router-dom/docs/api/', 509, 493 ]
116 silly gunzTarPerm extractEntry packages/react-router-dom/docs/api/BrowserRouter.md
117 silly gunzTarPerm modified mode [ 'packages/react-router-dom/docs/api/BrowserRouter.md',
117 silly gunzTarPerm   436,
117 silly gunzTarPerm   420 ]
118 silly gunzTarPerm extractEntry packages/react-router-dom/docs/api/HashRouter.md
119 silly gunzTarPerm modified mode [ 'packages/react-router-dom/docs/api/HashRouter.md', 436, 420 ]
120 silly gunzTarPerm extractEntry packages/react-router-dom/docs/api/Link.md
121 silly gunzTarPerm modified mode [ 'packages/react-router-dom/docs/api/Link.md', 436, 420 ]
122 silly gunzTarPerm extractEntry packages/react-router-dom/docs/api/MemoryRouter.md
123 silly gunzTarPerm modified mode [ 'packages/react-router-dom/docs/api/MemoryRouter.md',
123 silly gunzTarPerm   436,
123 silly gunzTarPerm   420 ]
124 silly gunzTarPerm extractEntry packages/react-router-dom/docs/api/NavLink.md
125 silly gunzTarPerm modified mode [ 'packages/react-router-dom/docs/api/NavLink.md', 436, 420 ]
126 silly gunzTarPerm extractEntry packages/react-router-dom/docs/api/Prompt.md
127 silly gunzTarPerm modified mode [ 'packages/react-router-dom/docs/api/Prompt.md', 436, 420 ]
128 silly gunzTarPerm extractEntry packages/react-router-dom/docs/api/Redirect.md
129 silly gunzTarPerm modified mode [ 'packages/react-router-dom/docs/api/Redirect.md', 436, 420 ]
130 silly gunzTarPerm extractEntry packages/react-router-dom/docs/api/Route.md
131 silly gunzTarPerm modified mode [ 'packages/react-router-dom/docs/api/Route.md', 436, 420 ]
132 silly gunzTarPerm extractEntry packages/react-router-dom/docs/api/Router.md
133 silly gunzTarPerm modified mode [ 'packages/react-router-dom/docs/api/Router.md', 436, 420 ]
134 silly gunzTarPerm extractEntry packages/react-router-dom/docs/api/StaticRouter.md
135 silly gunzTarPerm modified mode [ 'packages/react-router-dom/docs/api/StaticRouter.md',
135 silly gunzTarPerm   436,
135 silly gunzTarPerm   420 ]
136 silly gunzTarPerm extractEntry packages/react-router-dom/docs/api/Switch.md
137 silly gunzTarPerm modified mode [ 'packages/react-router-dom/docs/api/Switch.md', 436, 420 ]
138 silly gunzTarPerm extractEntry packages/react-router-dom/docs/api/matchPath.md
139 silly gunzTarPerm modified mode [ 'packages/react-router-dom/docs/api/matchPath.md', 436, 420 ]
140 silly gunzTarPerm extractEntry packages/react-router-dom/docs/api/withRouter.md
141 silly gunzTarPerm modified mode [ 'packages/react-router-dom/docs/api/withRouter.md', 436, 420 ]
142 silly gunzTarPerm extractEntry packages/react-router-dom/docs/guides/
143 silly gunzTarPerm modified mode [ 'packages/react-router-dom/docs/guides/', 509, 493 ]
144 silly gunzTarPerm extractEntry packages/react-router-dom/docs/guides/basic-components.md
145 silly gunzTarPerm modified mode [ 'packages/react-router-dom/docs/guides/basic-components.md',
145 silly gunzTarPerm   436,
145 silly gunzTarPerm   420 ]
146 silly gunzTarPerm extractEntry packages/react-router-dom/docs/guides/code-splitting.md
147 silly gunzTarPerm modified mode [ 'packages/react-router-dom/docs/guides/code-splitting.md',
147 silly gunzTarPerm   436,
147 silly gunzTarPerm   420 ]
148 silly gunzTarPerm extractEntry packages/react-router-dom/docs/guides/quick-start.md
149 silly gunzTarPerm modified mode [ 'packages/react-router-dom/docs/guides/quick-start.md',
149 silly gunzTarPerm   436,
149 silly gunzTarPerm   420 ]
150 silly gunzTarPerm extractEntry packages/react-router-dom/docs/guides/scroll-restoration.md
151 silly gunzTarPerm modified mode [ 'packages/react-router-dom/docs/guides/scroll-restoration.md',
151 silly gunzTarPerm   436,
151 silly gunzTarPerm   420 ]
152 silly gunzTarPerm extractEntry packages/react-router-dom/docs/guides/server-rendering.md
153 silly gunzTarPerm modified mode [ 'packages/react-router-dom/docs/guides/server-rendering.md',
153 silly gunzTarPerm   436,
153 silly gunzTarPerm   420 ]
154 silly gunzTarPerm extractEntry packages/react-router-dom/modules/
155 silly gunzTarPerm modified mode [ 'packages/react-router-dom/modules/', 509, 493 ]
156 silly gunzTarPerm extractEntry packages/react-router-dom/modules/.babelrc
157 silly gunzTarPerm modified mode [ 'packages/react-router-dom/modules/.babelrc', 436, 420 ]
158 silly gunzTarPerm extractEntry packages/react-router-dom/modules/.eslintrc
159 silly gunzTarPerm modified mode [ 'packages/react-router-dom/modules/.eslintrc', 436, 420 ]
160 silly gunzTarPerm extractEntry packages/react-router-dom/modules/BrowserRouter.js
161 silly gunzTarPerm modified mode [ 'packages/react-router-dom/modules/BrowserRouter.js',
161 silly gunzTarPerm   436,
161 silly gunzTarPerm   420 ]
162 silly gunzTarPerm extractEntry packages/react-router-dom/modules/HashRouter.js
163 silly gunzTarPerm modified mode [ 'packages/react-router-dom/modules/HashRouter.js', 436, 420 ]
164 silly gunzTarPerm extractEntry packages/react-router-dom/modules/Link.js
165 silly gunzTarPerm modified mode [ 'packages/react-router-dom/modules/Link.js', 436, 420 ]
166 silly gunzTarPerm extractEntry packages/react-router-dom/modules/MemoryRouter.js
167 silly gunzTarPerm modified mode [ 'packages/react-router-dom/modules/MemoryRouter.js', 436, 420 ]
168 silly gunzTarPerm extractEntry packages/react-router-dom/modules/NavLink.js
169 silly gunzTarPerm modified mode [ 'packages/react-router-dom/modules/NavLink.js', 436, 420 ]
170 silly gunzTarPerm extractEntry packages/react-router-dom/modules/Prompt.js
171 silly gunzTarPerm modified mode [ 'packages/react-router-dom/modules/Prompt.js', 436, 420 ]
172 silly gunzTarPerm extractEntry packages/react-router-dom/modules/Redirect.js
173 silly gunzTarPerm modified mode [ 'packages/react-router-dom/modules/Redirect.js', 436, 420 ]
174 silly gunzTarPerm extractEntry packages/react-router-dom/modules/Route.js
175 silly gunzTarPerm modified mode [ 'packages/react-router-dom/modules/Route.js', 436, 420 ]
176 silly gunzTarPerm extractEntry packages/react-router-dom/modules/Router.js
177 silly gunzTarPerm modified mode [ 'packages/react-router-dom/modules/Router.js', 436, 420 ]
178 silly gunzTarPerm extractEntry packages/react-router-dom/modules/StaticRouter.js
179 silly gunzTarPerm modified mode [ 'packages/react-router-dom/modules/StaticRouter.js', 436, 420 ]
180 silly gunzTarPerm extractEntry packages/react-router-dom/modules/Switch.js
181 silly gunzTarPerm modified mode [ 'packages/react-router-dom/modules/Switch.js', 436, 420 ]
182 silly gunzTarPerm extractEntry packages/react-router-dom/modules/__tests__/
183 silly gunzTarPerm modified mode [ 'packages/react-router-dom/modules/__tests__/', 509, 493 ]
184 silly gunzTarPerm extractEntry packages/react-router-dom/modules/__tests__/.eslintrc
185 silly gunzTarPerm modified mode [ 'packages/react-router-dom/modules/__tests__/.eslintrc',
185 silly gunzTarPerm   436,
185 silly gunzTarPerm   420 ]
186 silly gunzTarPerm extractEntry packages/react-router-dom/modules/__tests__/BrowserRouter-test.js
187 silly gunzTarPerm modified mode [ 'packages/react-router-dom/modules/__tests__/BrowserRouter-test.js',
187 silly gunzTarPerm   436,
187 silly gunzTarPerm   420 ]
188 silly gunzTarPerm extractEntry packages/react-router-dom/modules/__tests__/HashRouter-test.js
189 silly gunzTarPerm modified mode [ 'packages/react-router-dom/modules/__tests__/HashRouter-test.js',
189 silly gunzTarPerm   436,
189 silly gunzTarPerm   420 ]
190 silly gunzTarPerm extractEntry packages/react-router-dom/modules/__tests__/Link-test.js
191 silly gunzTarPerm modified mode [ 'packages/react-router-dom/modules/__tests__/Link-test.js',
191 silly gunzTarPerm   436,
191 silly gunzTarPerm   420 ]
192 silly gunzTarPerm extractEntry packages/react-router-dom/modules/__tests__/NavLink-test.js
193 silly gunzTarPerm modified mode [ 'packages/react-router-dom/modules/__tests__/NavLink-test.js',
193 silly gunzTarPerm   436,
193 silly gunzTarPerm   420 ]
194 silly gunzTarPerm extractEntry packages/react-router-dom/modules/generatePath.js
195 silly gunzTarPerm modified mode [ 'packages/react-router-dom/modules/generatePath.js', 436, 420 ]
196 silly gunzTarPerm extractEntry packages/react-router-dom/modules/index.js
197 silly gunzTarPerm modified mode [ 'packages/react-router-dom/modules/index.js', 436, 420 ]
198 silly gunzTarPerm extractEntry packages/react-router-dom/modules/matchPath.js
199 silly gunzTarPerm modified mode [ 'packages/react-router-dom/modules/matchPath.js', 436, 420 ]
200 silly gunzTarPerm extractEntry packages/react-router-dom/modules/withRouter.js
201 silly gunzTarPerm modified mode [ 'packages/react-router-dom/modules/withRouter.js', 436, 420 ]
202 silly gunzTarPerm extractEntry packages/react-router-dom/package-lock.json
203 silly gunzTarPerm modified mode [ 'packages/react-router-dom/package-lock.json', 436, 420 ]
204 silly gunzTarPerm extractEntry packages/react-router-dom/package.json
205 silly gunzTarPerm modified mode [ 'packages/react-router-dom/package.json', 436, 420 ]
206 silly gunzTarPerm extractEntry packages/react-router-dom/rollup.config.js
207 silly gunzTarPerm modified mode [ 'packages/react-router-dom/rollup.config.js', 436, 420 ]
208 silly gunzTarPerm extractEntry packages/react-router-dom/tools/
209 silly gunzTarPerm modified mode [ 'packages/react-router-dom/tools/', 509, 493 ]
210 silly gunzTarPerm extractEntry packages/react-router-dom/tools/babel-preset.js
211 silly gunzTarPerm modified mode [ 'packages/react-router-dom/tools/babel-preset.js', 436, 420 ]
212 silly gunzTarPerm extractEntry packages/react-router-dom/tools/build.js
213 silly gunzTarPerm modified mode [ 'packages/react-router-dom/tools/build.js', 436, 420 ]
214 silly gunzTarPerm extractEntry packages/react-router-native/
215 silly gunzTarPerm modified mode [ 'packages/react-router-native/', 509, 493 ]
216 silly gunzTarPerm extractEntry packages/react-router-native/.babelrc
217 silly gunzTarPerm modified mode [ 'packages/react-router-native/.babelrc', 436, 420 ]
218 silly gunzTarPerm extractEntry packages/react-router-native/.buckconfig
219 silly gunzTarPerm modified mode [ 'packages/react-router-native/.buckconfig', 436, 420 ]
220 silly gunzTarPerm extractEntry packages/react-router-native/.flowconfig
221 silly gunzTarPerm modified mode [ 'packages/react-router-native/.flowconfig', 436, 420 ]
222 silly gunzTarPerm extractEntry packages/react-router-native/.gitattributes
223 silly gunzTarPerm modified mode [ 'packages/react-router-native/.gitattributes', 436, 420 ]
224 silly gunzTarPerm extractEntry packages/react-router-native/.gitignore
225 silly gunzTarPerm modified mode [ 'packages/react-router-native/.gitignore', 436, 420 ]
226 silly gunzTarPerm extractEntry packages/react-router-native/BackButton.js
227 silly gunzTarPerm modified mode [ 'packages/react-router-native/BackButton.js', 436, 420 ]
228 silly gunzTarPerm extractEntry packages/react-router-native/DeepLinking.js
229 silly gunzTarPerm modified mode [ 'packages/react-router-native/DeepLinking.js', 436, 420 ]
230 silly gunzTarPerm extractEntry packages/react-router-native/Link.js
231 silly gunzTarPerm modified mode [ 'packages/react-router-native/Link.js', 436, 420 ]
232 silly gunzTarPerm extractEntry packages/react-router-native/NativeRouter.js
233 silly gunzTarPerm modified mode [ 'packages/react-router-native/NativeRouter.js', 436, 420 ]
234 silly gunzTarPerm extractEntry packages/react-router-native/README.md
235 silly gunzTarPerm modified mode [ 'packages/react-router-native/README.md', 436, 420 ]
236 silly gunzTarPerm extractEntry packages/react-router-native/__tests__/
237 silly gunzTarPerm modified mode [ 'packages/react-router-native/__tests__/', 509, 493 ]
238 silly gunzTarPerm extractEntry packages/react-router-native/__tests__/Link-test.js
239 silly gunzTarPerm modified mode [ 'packages/react-router-native/__tests__/Link-test.js',
239 silly gunzTarPerm   436,
239 silly gunzTarPerm   420 ]
240 silly gunzTarPerm extractEntry packages/react-router-native/__tests__/index.android.js
241 silly gunzTarPerm modified mode [ 'packages/react-router-native/__tests__/index.android.js',
241 silly gunzTarPerm   436,
241 silly gunzTarPerm   420 ]
242 silly gunzTarPerm extractEntry packages/react-router-native/__tests__/index.ios.js
243 silly gunzTarPerm modified mode [ 'packages/react-router-native/__tests__/index.ios.js',
243 silly gunzTarPerm   436,
243 silly gunzTarPerm   420 ]
244 silly gunzTarPerm extractEntry packages/react-router-native/android/
245 silly gunzTarPerm modified mode [ 'packages/react-router-native/android/', 509, 493 ]
246 silly gunzTarPerm extractEntry packages/react-router-native/android/app/
247 silly gunzTarPerm modified mode [ 'packages/react-router-native/android/app/', 509, 493 ]
248 silly gunzTarPerm extractEntry packages/react-router-native/android/app/BUCK
249 silly gunzTarPerm modified mode [ 'packages/react-router-native/android/app/BUCK', 436, 420 ]
250 silly gunzTarPerm extractEntry packages/react-router-native/android/app/build.gradle
251 silly gunzTarPerm modified mode [ 'packages/react-router-native/android/app/build.gradle',
251 silly gunzTarPerm   436,
251 silly gunzTarPerm   420 ]
252 silly gunzTarPerm extractEntry packages/react-router-native/android/app/proguard-rules.pro
253 silly gunzTarPerm modified mode [ 'packages/react-router-native/android/app/proguard-rules.pro',
253 silly gunzTarPerm   436,
253 silly gunzTarPerm   420 ]
254 silly gunzTarPerm extractEntry packages/react-router-native/android/app/src/
255 silly gunzTarPerm modified mode [ 'packages/react-router-native/android/app/src/', 509, 493 ]
256 silly gunzTarPerm extractEntry packages/react-router-native/android/app/src/main/
257 silly gunzTarPerm modified mode [ 'packages/react-router-native/android/app/src/main/',
257 silly gunzTarPerm   509,
257 silly gunzTarPerm   493 ]
258 silly gunzTarPerm extractEntry packages/react-router-native/android/app/src/main/AndroidManifest.xml
259 silly gunzTarPerm modified mode [ 'packages/react-router-native/android/app/src/main/AndroidManifest.xml',
259 silly gunzTarPerm   436,
259 silly gunzTarPerm   420 ]
260 silly gunzTarPerm extractEntry packages/react-router-native/android/app/src/main/java/
261 silly gunzTarPerm modified mode [ 'packages/react-router-native/android/app/src/main/java/',
261 silly gunzTarPerm   509,
261 silly gunzTarPerm   493 ]
262 silly gunzTarPerm extractEntry packages/react-router-native/android/app/src/main/java/com/
263 silly gunzTarPerm modified mode [ 'packages/react-router-native/android/app/src/main/java/com/',
263 silly gunzTarPerm   509,
263 silly gunzTarPerm   493 ]
264 silly gunzTarPerm extractEntry packages/react-router-native/android/app/src/main/java/com/reactrouternative/
265 silly gunzTarPerm modified mode [ 'packages/react-router-native/android/app/src/main/java/com/reactrouternative/',
265 silly gunzTarPerm   509,
265 silly gunzTarPerm   493 ]
266 silly gunzTarPerm extractEntry packages/react-router-native/android/app/src/main/java/com/reactrouternative/MainActivity.java
267 silly gunzTarPerm modified mode [ 'packages/react-router-native/android/app/src/main/java/com/reactrouternative/MainActivity.java',
267 silly gunzTarPerm   436,
267 silly gunzTarPerm   420 ]
268 silly gunzTarPerm extractEntry packages/react-router-native/android/app/src/main/java/com/reactrouternative/MainApplication.java
269 silly gunzTarPerm modified mode [ 'packages/react-router-native/android/app/src/main/java/com/reactrouternative/MainApplication.java',
269 silly gunzTarPerm   436,
269 silly gunzTarPerm   420 ]
270 silly gunzTarPerm extractEntry packages/react-router-native/android/app/src/main/res/
271 silly gunzTarPerm modified mode [ 'packages/react-router-native/android/app/src/main/res/',
271 silly gunzTarPerm   509,
271 silly gunzTarPerm   493 ]
272 silly gunzTarPerm extractEntry packages/react-router-native/android/app/src/main/res/mipmap-hdpi/
273 silly gunzTarPerm modified mode [ 'packages/react-router-native/android/app/src/main/res/mipmap-hdpi/',
273 silly gunzTarPerm   509,
273 silly gunzTarPerm   493 ]
274 silly gunzTarPerm extractEntry packages/react-router-native/android/app/src/main/res/mipmap-hdpi/ic_launcher.png
275 silly gunzTarPerm modified mode [ 'packages/react-router-native/android/app/src/main/res/mipmap-hdpi/ic_launcher.png',
275 silly gunzTarPerm   436,
275 silly gunzTarPerm   420 ]
276 silly gunzTarPerm extractEntry packages/react-router-native/android/app/src/main/res/mipmap-mdpi/
277 silly gunzTarPerm modified mode [ 'packages/react-router-native/android/app/src/main/res/mipmap-mdpi/',
277 silly gunzTarPerm   509,
277 silly gunzTarPerm   493 ]
278 silly gunzTarPerm extractEntry packages/react-router-native/android/app/src/main/res/mipmap-mdpi/ic_launcher.png
279 silly gunzTarPerm modified mode [ 'packages/react-router-native/android/app/src/main/res/mipmap-mdpi/ic_launcher.png',
279 silly gunzTarPerm   436,
279 silly gunzTarPerm   420 ]
280 silly gunzTarPerm extractEntry packages/react-router-native/android/app/src/main/res/mipmap-xhdpi/
281 silly gunzTarPerm modified mode [ 'packages/react-router-native/android/app/src/main/res/mipmap-xhdpi/',
281 silly gunzTarPerm   509,
281 silly gunzTarPerm   493 ]
282 silly gunzTarPerm extractEntry packages/react-router-native/android/app/src/main/res/mipmap-xhdpi/ic_launcher.png
283 silly gunzTarPerm modified mode [ 'packages/react-router-native/android/app/src/main/res/mipmap-xhdpi/ic_launcher.png',
283 silly gunzTarPerm   436,
283 silly gunzTarPerm   420 ]
284 silly gunzTarPerm extractEntry packages/react-router-native/android/app/src/main/res/mipmap-xxhdpi/
285 silly gunzTarPerm modified mode [ 'packages/react-router-native/android/app/src/main/res/mipmap-xxhdpi/',
285 silly gunzTarPerm   509,
285 silly gunzTarPerm   493 ]
286 silly gunzTarPerm extractEntry packages/react-router-native/android/app/src/main/res/mipmap-xxhdpi/ic_launcher.png
287 silly gunzTarPerm modified mode [ 'packages/react-router-native/android/app/src/main/res/mipmap-xxhdpi/ic_launcher.png',
287 silly gunzTarPerm   436,
287 silly gunzTarPerm   420 ]
288 silly gunzTarPerm extractEntry packages/react-router-native/android/app/src/main/res/values/
289 silly gunzTarPerm modified mode [ 'packages/react-router-native/android/app/src/main/res/values/',
289 silly gunzTarPerm   509,
289 silly gunzTarPerm   493 ]
290 silly gunzTarPerm extractEntry packages/react-router-native/android/app/src/main/res/values/strings.xml
291 silly gunzTarPerm modified mode [ 'packages/react-router-native/android/app/src/main/res/values/strings.xml',
291 silly gunzTarPerm   436,
291 silly gunzTarPerm   420 ]
292 silly gunzTarPerm extractEntry packages/react-router-native/android/app/src/main/res/values/styles.xml
293 silly gunzTarPerm modified mode [ 'packages/react-router-native/android/app/src/main/res/values/styles.xml',
293 silly gunzTarPerm   436,
293 silly gunzTarPerm   420 ]
294 silly gunzTarPerm extractEntry packages/react-router-native/android/build.gradle
295 silly gunzTarPerm modified mode [ 'packages/react-router-native/android/build.gradle', 436, 420 ]
296 silly gunzTarPerm extractEntry packages/react-router-native/android/gradle.properties
297 silly gunzTarPerm modified mode [ 'packages/react-router-native/android/gradle.properties',
297 silly gunzTarPerm   436,
297 silly gunzTarPerm   420 ]
298 silly gunzTarPerm extractEntry packages/react-router-native/android/gradle/
299 silly gunzTarPerm modified mode [ 'packages/react-router-native/android/gradle/', 509, 493 ]
300 silly gunzTarPerm extractEntry packages/react-router-native/android/gradle/wrapper/
301 silly gunzTarPerm modified mode [ 'packages/react-router-native/android/gradle/wrapper/',
301 silly gunzTarPerm   509,
301 silly gunzTarPerm   493 ]
302 silly gunzTarPerm extractEntry packages/react-router-native/android/gradle/wrapper/gradle-wrapper.jar
303 silly gunzTarPerm modified mode [ 'packages/react-router-native/android/gradle/wrapper/gradle-wrapper.jar',
303 silly gunzTarPerm   436,
303 silly gunzTarPerm   420 ]
304 silly gunzTarPerm extractEntry packages/react-router-native/android/gradle/wrapper/gradle-wrapper.properties
305 silly gunzTarPerm modified mode [ 'packages/react-router-native/android/gradle/wrapper/gradle-wrapper.properties',
305 silly gunzTarPerm   436,
305 silly gunzTarPerm   420 ]
306 silly gunzTarPerm extractEntry packages/react-router-native/android/gradlew
307 silly gunzTarPerm modified mode [ 'packages/react-router-native/android/gradlew', 509, 493 ]
308 silly gunzTarPerm extractEntry packages/react-router-native/android/gradlew.bat
309 silly gunzTarPerm modified mode [ 'packages/react-router-native/android/gradlew.bat', 436, 420 ]
310 silly gunzTarPerm extractEntry packages/react-router-native/android/keystores/
311 silly gunzTarPerm modified mode [ 'packages/react-router-native/android/keystores/', 509, 493 ]
312 silly gunzTarPerm extractEntry packages/react-router-native/android/keystores/BUCK
313 silly gunzTarPerm modified mode [ 'packages/react-router-native/android/keystores/BUCK',
313 silly gunzTarPerm   436,
313 silly gunzTarPerm   420 ]
314 silly gunzTarPerm extractEntry packages/react-router-native/android/keystores/debug.keystore.properties
315 silly gunzTarPerm modified mode [ 'packages/react-router-native/android/keystores/debug.keystore.properties',
315 silly gunzTarPerm   436,
315 silly gunzTarPerm   420 ]
316 silly gunzTarPerm extractEntry packages/react-router-native/android/settings.gradle
317 silly gunzTarPerm modified mode [ 'packages/react-router-native/android/settings.gradle',
317 silly gunzTarPerm   436,
317 silly gunzTarPerm   420 ]
318 silly gunzTarPerm extractEntry packages/react-router-native/docs/
319 silly gunzTarPerm modified mode [ 'packages/react-router-native/docs/', 509, 493 ]
320 silly gunzTarPerm extractEntry packages/react-router-native/docs/api/
321 silly gunzTarPerm modified mode [ 'packages/react-router-native/docs/api/', 509, 493 ]
322 silly gunzTarPerm extractEntry packages/react-router-native/docs/api/BackButton.md
323 silly gunzTarPerm modified mode [ 'packages/react-router-native/docs/api/BackButton.md',
323 silly gunzTarPerm   436,
323 silly gunzTarPerm   420 ]
324 silly gunzTarPerm extractEntry packages/react-router-native/docs/api/DeepLinking.md
325 silly gunzTarPerm modified mode [ 'packages/react-router-native/docs/api/DeepLinking.md',
325 silly gunzTarPerm   436,
325 silly gunzTarPerm   420 ]
326 silly gunzTarPerm extractEntry packages/react-router-native/docs/api/Link.md
327 silly gunzTarPerm modified mode [ 'packages/react-router-native/docs/api/Link.md', 436, 420 ]
328 silly gunzTarPerm extractEntry packages/react-router-native/docs/api/MemoryRouter.md
329 silly gunzTarPerm modified mode [ 'packages/react-router-native/docs/api/MemoryRouter.md',
329 silly gunzTarPerm   436,
329 silly gunzTarPerm   420 ]
330 silly gunzTarPerm extractEntry packages/react-router-native/docs/api/NativeRouter.md
331 silly gunzTarPerm modified mode [ 'packages/react-router-native/docs/api/NativeRouter.md',
331 silly gunzTarPerm   436,
331 silly gunzTarPerm   420 ]
332 silly gunzTarPerm extractEntry packages/react-router-native/docs/api/Prompt.md
333 silly gunzTarPerm modified mode [ 'packages/react-router-native/docs/api/Prompt.md', 436, 420 ]
334 silly gunzTarPerm extractEntry packages/react-router-native/docs/api/Redirect.md
335 silly gunzTarPerm modified mode [ 'packages/react-router-native/docs/api/Redirect.md', 436, 420 ]
336 silly gunzTarPerm extractEntry packages/react-router-native/docs/api/Route.md
337 silly gunzTarPerm modified mode [ 'packages/react-router-native/docs/api/Route.md', 436, 420 ]
338 silly gunzTarPerm extractEntry packages/react-router-native/docs/api/Router.md
339 silly gunzTarPerm modified mode [ 'packages/react-router-native/docs/api/Router.md', 436, 420 ]
340 silly gunzTarPerm extractEntry packages/react-router-native/docs/api/StaticRouter.md
341 silly gunzTarPerm modified mode [ 'packages/react-router-native/docs/api/StaticRouter.md',
341 silly gunzTarPerm   436,
341 silly gunzTarPerm   420 ]
342 silly gunzTarPerm extractEntry packages/react-router-native/docs/api/Switch.md
343 silly gunzTarPerm modified mode [ 'packages/react-router-native/docs/api/Switch.md', 436, 420 ]
344 silly gunzTarPerm extractEntry packages/react-router-native/docs/api/matchPath.md
345 silly gunzTarPerm modified mode [ 'packages/react-router-native/docs/api/matchPath.md',
345 silly gunzTarPerm   436,
345 silly gunzTarPerm   420 ]
346 silly gunzTarPerm extractEntry packages/react-router-native/docs/api/withRouter.md
347 silly gunzTarPerm modified mode [ 'packages/react-router-native/docs/api/withRouter.md',
347 silly gunzTarPerm   436,
347 silly gunzTarPerm   420 ]
348 silly gunzTarPerm extractEntry packages/react-router-native/docs/guides/
349 silly gunzTarPerm modified mode [ 'packages/react-router-native/docs/guides/', 509, 493 ]
350 silly gunzTarPerm extractEntry packages/react-router-native/docs/guides/animation.md
351 silly gunzTarPerm modified mode [ 'packages/react-router-native/docs/guides/animation.md',
351 silly gunzTarPerm   436,
351 silly gunzTarPerm   420 ]
352 silly gunzTarPerm extractEntry packages/react-router-native/docs/guides/deep-linking.md
353 silly gunzTarPerm modified mode [ 'packages/react-router-native/docs/guides/deep-linking.md',
353 silly gunzTarPerm   436,
353 silly gunzTarPerm   420 ]
354 silly gunzTarPerm extractEntry packages/react-router-native/docs/guides/quick-start.md
355 silly gunzTarPerm modified mode [ 'packages/react-router-native/docs/guides/quick-start.md',
355 silly gunzTarPerm   436,
355 silly gunzTarPerm   420 ]
356 silly gunzTarPerm extractEntry packages/react-router-native/examples/
357 silly gunzTarPerm modified mode [ 'packages/react-router-native/examples/', 509, 493 ]
358 silly gunzTarPerm extractEntry packages/react-router-native/examples/Ambiguous.js
359 silly gunzTarPerm modified mode [ 'packages/react-router-native/examples/Ambiguous.js',
359 silly gunzTarPerm   436,
359 silly gunzTarPerm   420 ]
360 silly gunzTarPerm extractEntry packages/react-router-native/examples/Auth.js
361 silly gunzTarPerm modified mode [ 'packages/react-router-native/examples/Auth.js', 436, 420 ]
362 silly gunzTarPerm extractEntry packages/react-router-native/examples/BasicExample.js
363 silly gunzTarPerm modified mode [ 'packages/react-router-native/examples/BasicExample.js',
363 silly gunzTarPerm   436,
363 silly gunzTarPerm   420 ]
364 silly gunzTarPerm extractEntry packages/react-router-native/examples/BoringExample.js
365 silly gunzTarPerm modified mode [ 'packages/react-router-native/examples/BoringExample.js',
365 silly gunzTarPerm   436,
365 silly gunzTarPerm   420 ]
366 silly gunzTarPerm extractEntry packages/react-router-native/examples/CustomLink.js
367 silly gunzTarPerm modified mode [ 'packages/react-router-native/examples/CustomLink.js',
367 silly gunzTarPerm   436,
367 silly gunzTarPerm   420 ]
368 silly gunzTarPerm extractEntry packages/react-router-native/examples/ExperimentalExample.js
369 silly gunzTarPerm modified mode [ 'packages/react-router-native/examples/ExperimentalExample.js',
369 silly gunzTarPerm   436,
369 silly gunzTarPerm   420 ]
370 silly gunzTarPerm extractEntry packages/react-router-native/examples/NoMatch.js
371 silly gunzTarPerm modified mode [ 'packages/react-router-native/examples/NoMatch.js', 436, 420 ]
372 silly gunzTarPerm extractEntry packages/react-router-native/examples/Params.js
373 silly gunzTarPerm modified mode [ 'packages/react-router-native/examples/Params.js', 436, 420 ]
374 silly gunzTarPerm extractEntry packages/react-router-native/examples/PreventingTransitions.js
375 silly gunzTarPerm modified mode [ 'packages/react-router-native/examples/PreventingTransitions.js',
375 silly gunzTarPerm   436,
375 silly gunzTarPerm   420 ]
376 silly gunzTarPerm extractEntry packages/react-router-native/examples/Recursive.js
377 silly gunzTarPerm modified mode [ 'packages/react-router-native/examples/Recursive.js',
377 silly gunzTarPerm   436,
377 silly gunzTarPerm   420 ]
378 silly gunzTarPerm extractEntry packages/react-router-native/examples/RouteConfig.js
379 silly gunzTarPerm modified mode [ 'packages/react-router-native/examples/RouteConfig.js',
379 silly gunzTarPerm   436,
379 silly gunzTarPerm   420 ]
380 silly gunzTarPerm extractEntry packages/react-router-native/examples/Sidebar.js
381 silly gunzTarPerm modified mode [ 'packages/react-router-native/examples/Sidebar.js', 436, 420 ]
382 silly gunzTarPerm extractEntry packages/react-router-native/experimental/
383 silly gunzTarPerm modified mode [ 'packages/react-router-native/experimental/', 509, 493 ]
384 silly gunzTarPerm extractEntry packages/react-router-native/experimental/StackRoute.js
385 silly gunzTarPerm modified mode [ 'packages/react-router-native/experimental/StackRoute.js',
385 silly gunzTarPerm   436,
385 silly gunzTarPerm   420 ]
386 silly gunzTarPerm extractEntry packages/react-router-native/experimental/TabRoutes.js
387 silly gunzTarPerm modified mode [ 'packages/react-router-native/experimental/TabRoutes.js',
387 silly gunzTarPerm   436,
387 silly gunzTarPerm   420 ]
388 silly gunzTarPerm extractEntry packages/react-router-native/index.android.js
389 silly gunzTarPerm modified mode [ 'packages/react-router-native/index.android.js', 436, 420 ]
390 silly gunzTarPerm extractEntry packages/react-router-native/index.ios.js
391 silly gunzTarPerm modified mode [ 'packages/react-router-native/index.ios.js', 436, 420 ]
392 silly gunzTarPerm extractEntry packages/react-router-native/ios/
393 silly gunzTarPerm modified mode [ 'packages/react-router-native/ios/', 509, 493 ]
394 silly gunzTarPerm extractEntry packages/react-router-native/ios/ReactRouterNative.xcodeproj/
395 silly gunzTarPerm modified mode [ 'packages/react-router-native/ios/ReactRouterNative.xcodeproj/',
395 silly gunzTarPerm   509,
395 silly gunzTarPerm   493 ]
396 silly gunzTarPerm extractEntry packages/react-router-native/ios/ReactRouterNative.xcodeproj/project.pbxproj
397 silly gunzTarPerm modified mode [ 'packages/react-router-native/ios/ReactRouterNative.xcodeproj/project.pbxproj',
397 silly gunzTarPerm   436,
397 silly gunzTarPerm   420 ]
398 silly gunzTarPerm extractEntry packages/react-router-native/ios/ReactRouterNative.xcodeproj/xcshareddata/
399 silly gunzTarPerm modified mode [ 'packages/react-router-native/ios/ReactRouterNative.xcodeproj/xcshareddata/',
399 silly gunzTarPerm   509,
399 silly gunzTarPerm   493 ]
400 silly gunzTarPerm extractEntry packages/react-router-native/ios/ReactRouterNative.xcodeproj/xcshareddata/xcschemes/
401 silly gunzTarPerm modified mode [ 'packages/react-router-native/ios/ReactRouterNative.xcodeproj/xcshareddata/xcschemes/',
401 silly gunzTarPerm   509,
401 silly gunzTarPerm   493 ]
402 silly gunzTarPerm extractEntry packages/react-router-native/ios/ReactRouterNative.xcodeproj/xcshareddata/xcschemes/ReactRouterNative.xcscheme
403 silly gunzTarPerm modified mode [ 'packages/react-router-native/ios/ReactRouterNative.xcodeproj/xcshareddata/xcschemes/ReactRouterNative.xcscheme',
403 silly gunzTarPerm   436,
403 silly gunzTarPerm   420 ]
404 silly gunzTarPerm extractEntry packages/react-router-native/ios/ReactRouterNative/
405 silly gunzTarPerm modified mode [ 'packages/react-router-native/ios/ReactRouterNative/',
405 silly gunzTarPerm   509,
405 silly gunzTarPerm   493 ]
406 silly gunzTarPerm extractEntry packages/react-router-native/ios/ReactRouterNative/AppDelegate.h
407 silly gunzTarPerm modified mode [ 'packages/react-router-native/ios/ReactRouterNative/AppDelegate.h',
407 silly gunzTarPerm   436,
407 silly gunzTarPerm   420 ]
408 silly gunzTarPerm extractEntry packages/react-router-native/ios/ReactRouterNative/AppDelegate.m
409 silly gunzTarPerm modified mode [ 'packages/react-router-native/ios/ReactRouterNative/AppDelegate.m',
409 silly gunzTarPerm   436,
409 silly gunzTarPerm   420 ]
410 silly gunzTarPerm extractEntry packages/react-router-native/ios/ReactRouterNative/Base.lproj/
411 silly gunzTarPerm modified mode [ 'packages/react-router-native/ios/ReactRouterNative/Base.lproj/',
411 silly gunzTarPerm   509,
411 silly gunzTarPerm   493 ]
412 silly gunzTarPerm extractEntry packages/react-router-native/ios/ReactRouterNative/Base.lproj/LaunchScreen.xib
413 silly gunzTarPerm modified mode [ 'packages/react-router-native/ios/ReactRouterNative/Base.lproj/LaunchScreen.xib',
413 silly gunzTarPerm   436,
413 silly gunzTarPerm   420 ]
414 silly gunzTarPerm extractEntry packages/react-router-native/ios/ReactRouterNative/Images.xcassets/
415 silly gunzTarPerm modified mode [ 'packages/react-router-native/ios/ReactRouterNative/Images.xcassets/',
415 silly gunzTarPerm   509,
415 silly gunzTarPerm   493 ]
416 silly gunzTarPerm extractEntry packages/react-router-native/ios/ReactRouterNative/Images.xcassets/AppIcon.appiconset/
417 silly gunzTarPerm modified mode [ 'packages/react-router-native/ios/ReactRouterNative/Images.xcassets/AppIcon.appiconset/',
417 silly gunzTarPerm   509,
417 silly gunzTarPerm   493 ]
418 silly gunzTarPerm extractEntry packages/react-router-native/ios/ReactRouterNative/Images.xcassets/AppIcon.appiconset/Contents.json
419 silly gunzTarPerm modified mode [ 'packages/react-router-native/ios/ReactRouterNative/Images.xcassets/AppIcon.appiconset/Contents.json',
419 silly gunzTarPerm   436,
419 silly gunzTarPerm   420 ]
420 silly gunzTarPerm extractEntry packages/react-router-native/ios/ReactRouterNative/Info.plist
421 silly gunzTarPerm modified mode [ 'packages/react-router-native/ios/ReactRouterNative/Info.plist',
421 silly gunzTarPerm   436,
421 silly gunzTarPerm   420 ]
422 silly gunzTarPerm extractEntry packages/react-router-native/ios/ReactRouterNative/main.m
423 silly gunzTarPerm modified mode [ 'packages/react-router-native/ios/ReactRouterNative/main.m',
423 silly gunzTarPerm   436,
423 silly gunzTarPerm   420 ]
424 silly gunzTarPerm extractEntry packages/react-router-native/ios/ReactRouterNativeTests/
425 silly gunzTarPerm modified mode [ 'packages/react-router-native/ios/ReactRouterNativeTests/',
425 silly gunzTarPerm   509,
425 silly gunzTarPerm   493 ]
426 silly gunzTarPerm extractEntry packages/react-router-native/ios/ReactRouterNativeTests/Info.plist
427 silly gunzTarPerm modified mode [ 'packages/react-router-native/ios/ReactRouterNativeTests/Info.plist',
427 silly gunzTarPerm   436,
427 silly gunzTarPerm   420 ]
428 silly gunzTarPerm extractEntry packages/react-router-native/ios/ReactRouterNativeTests/ReactRouterNativeTests.m
429 silly gunzTarPerm modified mode [ 'packages/react-router-native/ios/ReactRouterNativeTests/ReactRouterNativeTests.m',
429 silly gunzTarPerm   436,
429 silly gunzTarPerm   420 ]
430 silly gunzTarPerm extractEntry packages/react-router-native/ios/main.jsbundle
431 silly gunzTarPerm modified mode [ 'packages/react-router-native/ios/main.jsbundle', 436, 420 ]
432 silly gunzTarPerm extractEntry packages/react-router-native/ios/main.jsbundle.meta
433 silly gunzTarPerm modified mode [ 'packages/react-router-native/ios/main.jsbundle.meta',
433 silly gunzTarPerm   436,
433 silly gunzTarPerm   420 ]
434 silly gunzTarPerm extractEntry packages/react-router-native/main.js
435 silly gunzTarPerm modified mode [ 'packages/react-router-native/main.js', 436, 420 ]
436 silly gunzTarPerm extractEntry packages/react-router-native/package-lock.json
437 silly gunzTarPerm modified mode [ 'packages/react-router-native/package-lock.json', 436, 420 ]
438 silly gunzTarPerm extractEntry packages/react-router-native/package.json
439 silly gunzTarPerm modified mode [ 'packages/react-router-native/package.json', 436, 420 ]
440 silly gunzTarPerm extractEntry packages/react-router-native/rn-cli.config.js
441 silly gunzTarPerm modified mode [ 'packages/react-router-native/rn-cli.config.js', 436, 420 ]
442 silly gunzTarPerm extractEntry packages/react-router-redux/
443 silly gunzTarPerm modified mode [ 'packages/react-router-redux/', 509, 493 ]
444 silly gunzTarPerm extractEntry packages/react-router-redux/.babelrc
445 silly gunzTarPerm modified mode [ 'packages/react-router-redux/.babelrc', 436, 420 ]
446 silly gunzTarPerm extractEntry packages/react-router-redux/.eslintrc
447 silly gunzTarPerm modified mode [ 'packages/react-router-redux/.eslintrc', 436, 420 ]
448 silly gunzTarPerm extractEntry packages/react-router-redux/.gitignore
449 silly gunzTarPerm modified mode [ 'packages/react-router-redux/.gitignore', 436, 420 ]
450 silly gunzTarPerm extractEntry packages/react-router-redux/README.md
451 silly gunzTarPerm modified mode [ 'packages/react-router-redux/README.md', 436, 420 ]
452 silly gunzTarPerm extractEntry packages/react-router-redux/examples/
453 silly gunzTarPerm modified mode [ 'packages/react-router-redux/examples/', 509, 493 ]
454 silly gunzTarPerm extractEntry packages/react-router-redux/examples/AuthExample.js
455 silly gunzTarPerm modified mode [ 'packages/react-router-redux/examples/AuthExample.js',
455 silly gunzTarPerm   436,
455 silly gunzTarPerm   420 ]
456 silly gunzTarPerm extractEntry packages/react-router-redux/examples/BasicExample.js
457 silly gunzTarPerm modified mode [ 'packages/react-router-redux/examples/BasicExample.js',
457 silly gunzTarPerm   436,
457 silly gunzTarPerm   420 ]
458 silly gunzTarPerm extractEntry packages/react-router-redux/modules/
459 silly gunzTarPerm modified mode [ 'packages/react-router-redux/modules/', 509, 493 ]
460 silly gunzTarPerm extractEntry packages/react-router-redux/modules/ConnectedRouter.js
461 silly gunzTarPerm modified mode [ 'packages/react-router-redux/modules/ConnectedRouter.js',
461 silly gunzTarPerm   436,
461 silly gunzTarPerm   420 ]
462 silly gunzTarPerm extractEntry packages/react-router-redux/modules/__tests__/
463 silly gunzTarPerm modified mode [ 'packages/react-router-redux/modules/__tests__/', 509, 493 ]
464 silly gunzTarPerm extractEntry packages/react-router-redux/modules/__tests__/ConnectedRouter-test.js
465 silly gunzTarPerm modified mode [ 'packages/react-router-redux/modules/__tests__/ConnectedRouter-test.js',
465 silly gunzTarPerm   436,
465 silly gunzTarPerm   420 ]
466 silly gunzTarPerm extractEntry packages/react-router-redux/modules/__tests__/__snapshots__/
467 silly gunzTarPerm modified mode [ 'packages/react-router-redux/modules/__tests__/__snapshots__/',
467 silly gunzTarPerm   509,
467 silly gunzTarPerm   493 ]
468 silly gunzTarPerm extractEntry packages/react-router-redux/modules/__tests__/__snapshots__/ConnectedRouter-test.js.snap
469 silly gunzTarPerm modified mode [ 'packages/react-router-redux/modules/__tests__/__snapshots__/ConnectedRouter-test.js.snap',
469 silly gunzTarPerm   436,
469 silly gunzTarPerm   420 ]
470 silly gunzTarPerm extractEntry packages/react-router-redux/modules/__tests__/actions-test.js
471 silly gunzTarPerm modified mode [ 'packages/react-router-redux/modules/__tests__/actions-test.js',
471 silly gunzTarPerm   436,
471 silly gunzTarPerm   420 ]
472 silly gunzTarPerm extractEntry packages/react-router-redux/modules/__tests__/middleware-test.js
473 silly gunzTarPerm modified mode [ 'packages/react-router-redux/modules/__tests__/middleware-test.js',
473 silly gunzTarPerm   436,
473 silly gunzTarPerm   420 ]
474 silly gunzTarPerm extractEntry packages/react-router-redux/modules/__tests__/reducer-test.js
475 silly gunzTarPerm modified mode [ 'packages/react-router-redux/modules/__tests__/reducer-test.js',
475 silly gunzTarPerm   436,
475 silly gunzTarPerm   420 ]
476 silly gunzTarPerm extractEntry packages/react-router-redux/modules/__tests__/selectors-test.js
477 silly gunzTarPerm modified mode [ 'packages/react-router-redux/modules/__tests__/selectors-test.js',
477 silly gunzTarPerm   436,
477 silly gunzTarPerm   420 ]
478 silly gunzTarPerm extractEntry packages/react-router-redux/modules/actions.js
479 silly gunzTarPerm modified mode [ 'packages/react-router-redux/modules/actions.js', 436, 420 ]
480 silly gunzTarPerm extractEntry packages/react-router-redux/modules/index.js
481 silly gunzTarPerm modified mode [ 'packages/react-router-redux/modules/index.js', 436, 420 ]
482 silly gunzTarPerm extractEntry packages/react-router-redux/modules/middleware.js
483 silly gunzTarPerm modified mode [ 'packages/react-router-redux/modules/middleware.js', 436, 420 ]
484 silly gunzTarPerm extractEntry packages/react-router-redux/modules/reducer.js
485 silly gunzTarPerm modified mode [ 'packages/react-router-redux/modules/reducer.js', 436, 420 ]
486 silly gunzTarPerm extractEntry packages/react-router-redux/modules/selectors.js
487 silly gunzTarPerm modified mode [ 'packages/react-router-redux/modules/selectors.js', 436, 420 ]
488 silly gunzTarPerm extractEntry packages/react-router-redux/package-lock.json
489 silly gunzTarPerm modified mode [ 'packages/react-router-redux/package-lock.json', 436, 420 ]
490 silly gunzTarPerm extractEntry packages/react-router-redux/package.json
491 silly gunzTarPerm modified mode [ 'packages/react-router-redux/package.json', 436, 420 ]
492 silly gunzTarPerm extractEntry packages/react-router-redux/rollup.config.js
493 silly gunzTarPerm modified mode [ 'packages/react-router-redux/rollup.config.js', 436, 420 ]
494 silly gunzTarPerm extractEntry packages/react-router-redux/tools/
495 silly gunzTarPerm modified mode [ 'packages/react-router-redux/tools/', 509, 493 ]
496 silly gunzTarPerm extractEntry packages/react-router-redux/tools/build.js
497 silly gunzTarPerm modified mode [ 'packages/react-router-redux/tools/build.js', 436, 420 ]
498 silly gunzTarPerm extractEntry packages/react-router-redux/tools/es2015-preset.js
499 silly gunzTarPerm modified mode [ 'packages/react-router-redux/tools/es2015-preset.js',
499 silly gunzTarPerm   436,
499 silly gunzTarPerm   420 ]
500 silly gunzTarPerm extractEntry packages/react-router/
501 silly gunzTarPerm modified mode [ 'packages/react-router/', 509, 493 ]
502 silly gunzTarPerm extractEntry packages/react-router/.gitignore
503 silly gunzTarPerm modified mode [ 'packages/react-router/.gitignore', 436, 420 ]
504 silly gunzTarPerm extractEntry packages/react-router/README.md
505 silly gunzTarPerm modified mode [ 'packages/react-router/README.md', 436, 420 ]
506 silly gunzTarPerm extractEntry packages/react-router/docs/
507 silly gunzTarPerm modified mode [ 'packages/react-router/docs/', 509, 493 ]
508 silly gunzTarPerm extractEntry packages/react-router/docs/api/
509 silly gunzTarPerm modified mode [ 'packages/react-router/docs/api/', 509, 493 ]
510 silly gunzTarPerm extractEntry packages/react-router/docs/api/MemoryRouter.md
511 silly gunzTarPerm modified mode [ 'packages/react-router/docs/api/MemoryRouter.md', 436, 420 ]
512 silly gunzTarPerm extractEntry packages/react-router/docs/api/Prompt.md
513 silly gunzTarPerm modified mode [ 'packages/react-router/docs/api/Prompt.md', 436, 420 ]
514 silly gunzTarPerm extractEntry packages/react-router/docs/api/Redirect.md
515 silly gunzTarPerm modified mode [ 'packages/react-router/docs/api/Redirect.md', 436, 420 ]
516 silly gunzTarPerm extractEntry packages/react-router/docs/api/Route.md
517 silly gunzTarPerm modified mode [ 'packages/react-router/docs/api/Route.md', 436, 420 ]
518 silly gunzTarPerm extractEntry packages/react-router/docs/api/Router.md
519 silly gunzTarPerm modified mode [ 'packages/react-router/docs/api/Router.md', 436, 420 ]
520 silly gunzTarPerm extractEntry packages/react-router/docs/api/StaticRouter.md
521 silly gunzTarPerm modified mode [ 'packages/react-router/docs/api/StaticRouter.md', 436, 420 ]
522 silly gunzTarPerm extractEntry packages/react-router/docs/api/Switch.md
523 silly gunzTarPerm modified mode [ 'packages/react-router/docs/api/Switch.md', 436, 420 ]
524 silly gunzTarPerm extractEntry packages/react-router/docs/api/context.router.md
525 silly gunzTarPerm modified mode [ 'packages/react-router/docs/api/context.router.md', 436, 420 ]
526 silly gunzTarPerm extractEntry packages/react-router/docs/api/history.md
527 silly gunzTarPerm modified mode [ 'packages/react-router/docs/api/history.md', 436, 420 ]
528 silly gunzTarPerm extractEntry packages/react-router/docs/api/location.md
529 silly gunzTarPerm modified mode [ 'packages/react-router/docs/api/location.md', 436, 420 ]
530 silly gunzTarPerm extractEntry packages/react-router/docs/api/match.md
531 silly gunzTarPerm modified mode [ 'packages/react-router/docs/api/match.md', 436, 420 ]
532 silly gunzTarPerm extractEntry packages/react-router/docs/api/matchPath.md
533 silly gunzTarPerm modified mode [ 'packages/react-router/docs/api/matchPath.md', 436, 420 ]
534 silly gunzTarPerm extractEntry packages/react-router/docs/api/withRouter.md
535 silly gunzTarPerm modified mode [ 'packages/react-router/docs/api/withRouter.md', 436, 420 ]
536 silly gunzTarPerm extractEntry packages/react-router/docs/guides/
537 silly gunzTarPerm modified mode [ 'packages/react-router/docs/guides/', 509, 493 ]
538 silly gunzTarPerm extractEntry packages/react-router/docs/guides/Installation.md
539 silly gunzTarPerm modified mode [ 'packages/react-router/docs/guides/Installation.md', 436, 420 ]
540 silly gunzTarPerm extractEntry packages/react-router/docs/guides/blocked-updates.md
541 silly gunzTarPerm modified mode [ 'packages/react-router/docs/guides/blocked-updates.md',
541 silly gunzTarPerm   436,
541 silly gunzTarPerm   420 ]
542 silly gunzTarPerm extractEntry packages/react-router/docs/guides/migrating.md
543 silly gunzTarPerm modified mode [ 'packages/react-router/docs/guides/migrating.md', 436, 420 ]
544 silly gunzTarPerm extractEntry packages/react-router/docs/guides/philosophy.md
545 silly gunzTarPerm modified mode [ 'packages/react-router/docs/guides/philosophy.md', 436, 420 ]
546 silly gunzTarPerm extractEntry packages/react-router/docs/guides/quick-start.md
547 silly gunzTarPerm modified mode [ 'packages/react-router/docs/guides/quick-start.md', 436, 420 ]
548 silly gunzTarPerm extractEntry packages/react-router/docs/guides/redux.md
549 silly gunzTarPerm modified mode [ 'packages/react-router/docs/guides/redux.md', 436, 420 ]
550 silly gunzTarPerm extractEntry packages/react-router/docs/guides/static-routes.md
551 silly gunzTarPerm modified mode [ 'packages/react-router/docs/guides/static-routes.md',
551 silly gunzTarPerm   436,
551 silly gunzTarPerm   420 ]
552 silly gunzTarPerm extractEntry packages/react-router/docs/guides/testing.md
553 silly gunzTarPerm modified mode [ 'packages/react-router/docs/guides/testing.md', 436, 420 ]
554 silly gunzTarPerm extractEntry packages/react-router/modules/
555 silly gunzTarPerm modified mode [ 'packages/react-router/modules/', 509, 493 ]
556 silly gunzTarPerm extractEntry packages/react-router/modules/.babelrc
557 silly gunzTarPerm modified mode [ 'packages/react-router/modules/.babelrc', 436, 420 ]
558 silly gunzTarPerm extractEntry packages/react-router/modules/.eslintrc
559 silly gunzTarPerm modified mode [ 'packages/react-router/modules/.eslintrc', 436, 420 ]
560 silly gunzTarPerm extractEntry packages/react-router/modules/MemoryRouter.js
561 silly gunzTarPerm modified mode [ 'packages/react-router/modules/MemoryRouter.js', 436, 420 ]
562 silly gunzTarPerm extractEntry packages/react-router/modules/Prompt.js
563 silly gunzTarPerm modified mode [ 'packages/react-router/modules/Prompt.js', 436, 420 ]
564 silly gunzTarPerm extractEntry packages/react-router/modules/Redirect.js
565 silly gunzTarPerm modified mode [ 'packages/react-router/modules/Redirect.js', 436, 420 ]
566 silly gunzTarPerm extractEntry packages/react-router/modules/Route.js
567 silly gunzTarPerm modified mode [ 'packages/react-router/modules/Route.js', 436, 420 ]
568 silly gunzTarPerm extractEntry packages/react-router/modules/Router.js
569 silly gunzTarPerm modified mode [ 'packages/react-router/modules/Router.js', 436, 420 ]
570 silly gunzTarPerm extractEntry packages/react-router/modules/StaticRouter.js
571 silly gunzTarPerm modified mode [ 'packages/react-router/modules/StaticRouter.js', 436, 420 ]
572 silly gunzTarPerm extractEntry packages/react-router/modules/Switch.js
573 silly gunzTarPerm modified mode [ 'packages/react-router/modules/Switch.js', 436, 420 ]
574 silly gunzTarPerm extractEntry packages/react-router/modules/__tests__/
575 silly gunzTarPerm modified mode [ 'packages/react-router/modules/__tests__/', 509, 493 ]
576 silly gunzTarPerm extractEntry packages/react-router/modules/__tests__/.eslintrc
577 silly gunzTarPerm modified mode [ 'packages/react-router/modules/__tests__/.eslintrc', 436, 420 ]
578 silly gunzTarPerm extractEntry packages/react-router/modules/__tests__/MemoryRouter-test.js
579 silly gunzTarPerm modified mode [ 'packages/react-router/modules/__tests__/MemoryRouter-test.js',
579 silly gunzTarPerm   436,
579 silly gunzTarPerm   420 ]
580 silly gunzTarPerm extractEntry packages/react-router/modules/__tests__/Redirect-test.js
581 silly gunzTarPerm modified mode [ 'packages/react-router/modules/__tests__/Redirect-test.js',
581 silly gunzTarPerm   436,
581 silly gunzTarPerm   420 ]
582 silly gunzTarPerm extractEntry packages/react-router/modules/__tests__/Route-test.js
583 silly gunzTarPerm modified mode [ 'packages/react-router/modules/__tests__/Route-test.js',
583 silly gunzTarPerm   436,
583 silly gunzTarPerm   420 ]
584 silly gunzTarPerm extractEntry packages/react-router/modules/__tests__/Router-test.js
585 silly gunzTarPerm modified mode [ 'packages/react-router/modules/__tests__/Router-test.js',
585 silly gunzTarPerm   436,
585 silly gunzTarPerm   420 ]
586 silly gunzTarPerm extractEntry packages/react-router/modules/__tests__/StaticRouter-test.js
587 silly gunzTarPerm modified mode [ 'packages/react-router/modules/__tests__/StaticRouter-test.js',
587 silly gunzTarPerm   436,
587 silly gunzTarPerm   420 ]
588 silly gunzTarPerm extractEntry packages/react-router/modules/__tests__/Switch-test.js
589 silly gunzTarPerm modified mode [ 'packages/react-router/modules/__tests__/Switch-test.js',
589 silly gunzTarPerm   436,
589 silly gunzTarPerm   420 ]
590 silly gunzTarPerm extractEntry packages/react-router/modules/__tests__/SwitchMount-test.js
591 silly gunzTarPerm modified mode [ 'packages/react-router/modules/__tests__/SwitchMount-test.js',
591 silly gunzTarPerm   436,
591 silly gunzTarPerm   420 ]
592 silly gunzTarPerm extractEntry packages/react-router/modules/__tests__/generatePath-test.js
593 silly gunzTarPerm modified mode [ 'packages/react-router/modules/__tests__/generatePath-test.js',
593 silly gunzTarPerm   436,
593 silly gunzTarPerm   420 ]
594 silly gunzTarPerm extractEntry packages/react-router/modules/__tests__/integration-test.js
595 silly gunzTarPerm modified mode [ 'packages/react-router/modules/__tests__/integration-test.js',
595 silly gunzTarPerm   436,
595 silly gunzTarPerm   420 ]
596 silly gunzTarPerm extractEntry packages/react-router/modules/__tests__/matchPath-test.js
597 silly gunzTarPerm modified mode [ 'packages/react-router/modules/__tests__/matchPath-test.js',
597 silly gunzTarPerm   436,
597 silly gunzTarPerm   420 ]
598 silly gunzTarPerm extractEntry packages/react-router/modules/__tests__/withRouter-test.js
599 silly gunzTarPerm modified mode [ 'packages/react-router/modules/__tests__/withRouter-test.js',
599 silly gunzTarPerm   436,
599 silly gunzTarPerm   420 ]
600 silly gunzTarPerm extractEntry packages/react-router/modules/generatePath.js
601 silly gunzTarPerm modified mode [ 'packages/react-router/modules/generatePath.js', 436, 420 ]
602 silly gunzTarPerm extractEntry packages/react-router/modules/index.js
603 silly gunzTarPerm modified mode [ 'packages/react-router/modules/index.js', 436, 420 ]
604 silly gunzTarPerm extractEntry packages/react-router/modules/matchPath.js
605 silly gunzTarPerm modified mode [ 'packages/react-router/modules/matchPath.js', 436, 420 ]
606 silly gunzTarPerm extractEntry packages/react-router/modules/withRouter.js
607 silly gunzTarPerm modified mode [ 'packages/react-router/modules/withRouter.js', 436, 420 ]
608 silly gunzTarPerm extractEntry packages/react-router/package-lock.json
609 silly gunzTarPerm modified mode [ 'packages/react-router/package-lock.json', 436, 420 ]
610 silly gunzTarPerm extractEntry packages/react-router/package.json
611 silly gunzTarPerm modified mode [ 'packages/react-router/package.json', 436, 420 ]
612 silly gunzTarPerm extractEntry packages/react-router/rollup.config.js
613 silly gunzTarPerm modified mode [ 'packages/react-router/rollup.config.js', 436, 420 ]
614 silly gunzTarPerm extractEntry packages/react-router/tools/
615 silly gunzTarPerm modified mode [ 'packages/react-router/tools/', 509, 493 ]
616 silly gunzTarPerm extractEntry packages/react-router/tools/babel-preset.js
617 silly gunzTarPerm modified mode [ 'packages/react-router/tools/babel-preset.js', 436, 420 ]
618 silly gunzTarPerm extractEntry packages/react-router/tools/build.js
619 silly gunzTarPerm modified mode [ 'packages/react-router/tools/build.js', 436, 420 ]
620 silly gunzTarPerm extractEntry scripts/
621 silly gunzTarPerm modified mode [ 'scripts/', 509, 493 ]
622 silly gunzTarPerm extractEntry scripts/build.js
623 silly gunzTarPerm modified mode [ 'scripts/build.js', 436, 420 ]
624 silly gunzTarPerm extractEntry scripts/postinstall.js
625 silly gunzTarPerm modified mode [ 'scripts/postinstall.js', 436, 420 ]
626 silly gunzTarPerm extractEntry website/
627 silly gunzTarPerm modified mode [ 'website/', 509, 493 ]
628 silly gunzTarPerm extractEntry website/.gitignore
629 silly gunzTarPerm modified mode [ 'website/.gitignore', 436, 420 ]
630 silly gunzTarPerm extractEntry website/index.html.ejs
631 silly gunzTarPerm modified mode [ 'website/index.html.ejs', 436, 420 ]
632 silly gunzTarPerm extractEntry website/modules/
633 silly gunzTarPerm modified mode [ 'website/modules/', 509, 493 ]
634 silly gunzTarPerm extractEntry website/modules/.babelrc
635 silly gunzTarPerm modified mode [ 'website/modules/.babelrc', 436, 420 ]
636 silly gunzTarPerm extractEntry website/modules/.eslintrc
637 silly gunzTarPerm modified mode [ 'website/modules/.eslintrc', 436, 420 ]
638 silly gunzTarPerm extractEntry website/modules/LoadServiceWorker.js
639 silly gunzTarPerm modified mode [ 'website/modules/LoadServiceWorker.js', 436, 420 ]
640 silly gunzTarPerm extractEntry website/modules/ReactRouterDOMShim.js
641 silly gunzTarPerm modified mode [ 'website/modules/ReactRouterDOMShim.js', 436, 420 ]
642 silly gunzTarPerm extractEntry website/modules/Theme.js
643 silly gunzTarPerm modified mode [ 'website/modules/Theme.js', 436, 420 ]
644 silly gunzTarPerm extractEntry website/modules/animated/
645 silly gunzTarPerm modified mode [ 'website/modules/animated/', 509, 493 ]
646 silly gunzTarPerm extractEntry website/modules/animated/Animated.js
647 silly gunzTarPerm modified mode [ 'website/modules/animated/Animated.js', 436, 420 ]
648 silly gunzTarPerm extractEntry website/modules/animated/AnimatedAddition.js
649 silly gunzTarPerm modified mode [ 'website/modules/animated/AnimatedAddition.js', 436, 420 ]
650 silly gunzTarPerm extractEntry website/modules/animated/AnimatedInterpolation.js
651 silly gunzTarPerm modified mode [ 'website/modules/animated/AnimatedInterpolation.js', 436, 420 ]
652 silly gunzTarPerm extractEntry website/modules/animated/AnimatedModulo.js
653 silly gunzTarPerm modified mode [ 'website/modules/animated/AnimatedModulo.js', 436, 420 ]
654 silly gunzTarPerm extractEntry website/modules/animated/AnimatedMultiplication.js
655 silly gunzTarPerm modified mode [ 'website/modules/animated/AnimatedMultiplication.js',
655 silly gunzTarPerm   436,
655 silly gunzTarPerm   420 ]
656 silly gunzTarPerm extractEntry website/modules/animated/AnimatedProps.js
657 silly gunzTarPerm modified mode [ 'website/modules/animated/AnimatedProps.js', 436, 420 ]
658 silly gunzTarPerm extractEntry website/modules/animated/AnimatedStyle.js
659 silly gunzTarPerm modified mode [ 'website/modules/animated/AnimatedStyle.js', 436, 420 ]
660 silly gunzTarPerm extractEntry website/modules/animated/AnimatedTemplate.js
661 silly gunzTarPerm modified mode [ 'website/modules/animated/AnimatedTemplate.js', 436, 420 ]
662 silly gunzTarPerm extractEntry website/modules/animated/AnimatedTracking.js
663 silly gunzTarPerm modified mode [ 'website/modules/animated/AnimatedTracking.js', 436, 420 ]
664 silly gunzTarPerm extractEntry website/modules/animated/AnimatedTransform.js
665 silly gunzTarPerm modified mode [ 'website/modules/animated/AnimatedTransform.js', 436, 420 ]
666 silly gunzTarPerm extractEntry website/modules/animated/AnimatedValue.js
667 silly gunzTarPerm modified mode [ 'website/modules/animated/AnimatedValue.js', 436, 420 ]
668 silly gunzTarPerm extractEntry website/modules/animated/AnimatedValueXY.js
669 silly gunzTarPerm modified mode [ 'website/modules/animated/AnimatedValueXY.js', 436, 420 ]
670 silly gunzTarPerm extractEntry website/modules/animated/AnimatedWithChildren.js
671 silly gunzTarPerm modified mode [ 'website/modules/animated/AnimatedWithChildren.js', 436, 420 ]
672 silly gunzTarPerm extractEntry website/modules/animated/Animation.js
673 silly gunzTarPerm modified mode [ 'website/modules/animated/Animation.js', 436, 420 ]
674 silly gunzTarPerm extractEntry website/modules/animated/DecayAnimation.js
675 silly gunzTarPerm modified mode [ 'website/modules/animated/DecayAnimation.js', 436, 420 ]
676 silly gunzTarPerm extractEntry website/modules/animated/Easing.js
677 silly gunzTarPerm modified mode [ 'website/modules/animated/Easing.js', 436, 420 ]
678 silly gunzTarPerm extractEntry website/modules/animated/Interpolation.js
679 silly gunzTarPerm modified mode [ 'website/modules/animated/Interpolation.js', 436, 420 ]
680 silly gunzTarPerm extractEntry website/modules/animated/SetPolyfill.js
681 silly gunzTarPerm modified mode [ 'website/modules/animated/SetPolyfill.js', 436, 420 ]
682 silly gunzTarPerm extractEntry website/modules/animated/SpringAnimation.js
683 silly gunzTarPerm modified mode [ 'website/modules/animated/SpringAnimation.js', 436, 420 ]
684 silly gunzTarPerm extractEntry website/modules/animated/SpringConfig.js
685 silly gunzTarPerm modified mode [ 'website/modules/animated/SpringConfig.js', 436, 420 ]
686 silly gunzTarPerm extractEntry website/modules/animated/TimingAnimation.js
687 silly gunzTarPerm modified mode [ 'website/modules/animated/TimingAnimation.js', 436, 420 ]
688 silly gunzTarPerm extractEntry website/modules/animated/bezier.js
689 silly gunzTarPerm modified mode [ 'website/modules/animated/bezier.js', 436, 420 ]
690 silly gunzTarPerm extractEntry website/modules/animated/createAnimatedComponent.js
691 silly gunzTarPerm modified mode [ 'website/modules/animated/createAnimatedComponent.js',
691 silly gunzTarPerm   436,
691 silly gunzTarPerm   420 ]
692 silly gunzTarPerm extractEntry website/modules/animated/guid.js
693 silly gunzTarPerm modified mode [ 'website/modules/animated/guid.js', 436, 420 ]
694 silly gunzTarPerm extractEntry website/modules/animated/index.js
695 silly gunzTarPerm modified mode [ 'website/modules/animated/index.js', 436, 420 ]
696 silly gunzTarPerm extractEntry website/modules/animated/injectable/
697 silly gunzTarPerm modified mode [ 'website/modules/animated/injectable/', 509, 493 ]
698 silly gunzTarPerm extractEntry website/modules/animated/injectable/ApplyAnimatedValues.js
699 silly gunzTarPerm modified mode [ 'website/modules/animated/injectable/ApplyAnimatedValues.js',
699 silly gunzTarPerm   436,
699 silly gunzTarPerm   420 ]
700 silly gunzTarPerm extractEntry website/modules/animated/injectable/CancelAnimationFrame.js
701 silly gunzTarPerm modified mode [ 'website/modules/animated/injectable/CancelAnimationFrame.js',
701 silly gunzTarPerm   436,
701 silly gunzTarPerm   420 ]
702 silly gunzTarPerm extractEntry website/modules/animated/injectable/FlattenStyle.js
703 silly gunzTarPerm modified mode [ 'website/modules/animated/injectable/FlattenStyle.js',
703 silly gunzTarPerm   436,
703 silly gunzTarPerm   420 ]
704 silly gunzTarPerm extractEntry website/modules/animated/injectable/InteractionManager.js
705 silly gunzTarPerm modified mode [ 'website/modules/animated/injectable/InteractionManager.js',
705 silly gunzTarPerm   436,
705 silly gunzTarPerm   420 ]
706 silly gunzTarPerm extractEntry website/modules/animated/injectable/RequestAnimationFrame.js
707 silly gunzTarPerm modified mode [ 'website/modules/animated/injectable/RequestAnimationFrame.js',
707 silly gunzTarPerm   436,
707 silly gunzTarPerm   420 ]
708 silly gunzTarPerm extractEntry website/modules/animated/isAnimated.js
709 silly gunzTarPerm modified mode [ 'website/modules/animated/isAnimated.js', 436, 420 ]
710 silly gunzTarPerm extractEntry website/modules/animated/targets/
711 silly gunzTarPerm modified mode [ 'website/modules/animated/targets/', 509, 493 ]
712 silly gunzTarPerm extractEntry website/modules/animated/targets/react-dom.js
713 silly gunzTarPerm modified mode [ 'website/modules/animated/targets/react-dom.js', 436, 420 ]
714 silly gunzTarPerm extractEntry website/modules/animated/targets/react-native.js
715 silly gunzTarPerm modified mode [ 'website/modules/animated/targets/react-native.js', 436, 420 ]
716 silly gunzTarPerm extractEntry website/modules/base.css
717 silly gunzTarPerm modified mode [ 'website/modules/base.css', 436, 420 ]
718 silly gunzTarPerm extractEntry website/modules/components/
719 silly gunzTarPerm modified mode [ 'website/modules/components/', 509, 493 ]
720 silly gunzTarPerm extractEntry website/modules/components/API.js
721 silly gunzTarPerm modified mode [ 'website/modules/components/API.js', 436, 420 ]
722 silly gunzTarPerm extractEntry website/modules/components/APISmall.js
723 silly gunzTarPerm modified mode [ 'website/modules/components/APISmall.js', 436, 420 ]
724 silly gunzTarPerm extractEntry website/modules/components/App.js
725 silly gunzTarPerm modified mode [ 'website/modules/components/App.js', 436, 420 ]
726 silly gunzTarPerm extractEntry website/modules/components/Bundle.js
727 silly gunzTarPerm modified mode [ 'website/modules/components/Bundle.js', 436, 420 ]
728 silly gunzTarPerm extractEntry website/modules/components/DelegateMarkdownLinks.js
729 silly gunzTarPerm modified mode [ 'website/modules/components/DelegateMarkdownLinks.js',
729 silly gunzTarPerm   436,
729 silly gunzTarPerm   420 ]
730 silly gunzTarPerm extractEntry website/modules/components/Environment.js
731 silly gunzTarPerm modified mode [ 'website/modules/components/Environment.js', 436, 420 ]
732 silly gunzTarPerm extractEntry website/modules/components/EnvironmentHeader.js
733 silly gunzTarPerm modified mode [ 'website/modules/components/EnvironmentHeader.js', 436, 420 ]
734 silly gunzTarPerm extractEntry website/modules/components/EnvironmentLarge.js
735 silly gunzTarPerm modified mode [ 'website/modules/components/EnvironmentLarge.js', 436, 420 ]
736 silly gunzTarPerm extractEntry website/modules/components/EnvironmentSmall.js
737 silly gunzTarPerm modified mode [ 'website/modules/components/EnvironmentSmall.js', 436, 420 ]
738 silly gunzTarPerm extractEntry website/modules/components/Example.js
739 silly gunzTarPerm modified mode [ 'website/modules/components/Example.js', 436, 420 ]
740 silly gunzTarPerm extractEntry website/modules/components/FakeBrowser.js
741 silly gunzTarPerm modified mode [ 'website/modules/components/FakeBrowser.js', 436, 420 ]
742 silly gunzTarPerm extractEntry website/modules/components/Footer.js
743 silly gunzTarPerm modified mode [ 'website/modules/components/Footer.js', 436, 420 ]
744 silly gunzTarPerm extractEntry website/modules/components/Guide.js
745 silly gunzTarPerm modified mode [ 'website/modules/components/Guide.js', 436, 420 ]
746 silly gunzTarPerm extractEntry website/modules/components/Home/
747 silly gunzTarPerm modified mode [ 'website/modules/components/Home/', 509, 493 ]
748 silly gunzTarPerm extractEntry website/modules/components/Home/Header.js
749 silly gunzTarPerm modified mode [ 'website/modules/components/Home/Header.js', 436, 420 ]
750 silly gunzTarPerm extractEntry website/modules/components/Home/Video.js
751 silly gunzTarPerm modified mode [ 'website/modules/components/Home/Video.js', 436, 420 ]
752 silly gunzTarPerm extractEntry website/modules/components/Home/index.js
753 silly gunzTarPerm modified mode [ 'website/modules/components/Home/index.js', 436, 420 ]
754 silly gunzTarPerm extractEntry website/modules/components/Loading.js
755 silly gunzTarPerm modified mode [ 'website/modules/components/Loading.js', 436, 420 ]
756 silly gunzTarPerm extractEntry website/modules/components/Logo.js
757 silly gunzTarPerm modified mode [ 'website/modules/components/Logo.js', 436, 420 ]
758 silly gunzTarPerm extractEntry website/modules/components/MailingListSignup.js
759 silly gunzTarPerm modified mode [ 'website/modules/components/MailingListSignup.js', 436, 420 ]
760 silly gunzTarPerm extractEntry website/modules/components/MarkdownViewer.js
761 silly gunzTarPerm modified mode [ 'website/modules/components/MarkdownViewer.js', 436, 420 ]
762 silly gunzTarPerm extractEntry website/modules/components/NativeExample.js
763 silly gunzTarPerm modified mode [ 'website/modules/components/NativeExample.js', 436, 420 ]
764 silly gunzTarPerm extractEntry website/modules/components/PanGesture.js
765 silly gunzTarPerm modified mode [ 'website/modules/components/PanGesture.js', 436, 420 ]
766 silly gunzTarPerm extractEntry website/modules/components/ScrollToDoc.js
767 silly gunzTarPerm modified mode [ 'website/modules/components/ScrollToDoc.js', 436, 420 ]
768 silly gunzTarPerm extractEntry website/modules/components/SmallScreen.js
769 silly gunzTarPerm modified mode [ 'website/modules/components/SmallScreen.js', 436, 420 ]
770 silly gunzTarPerm extractEntry website/modules/components/SourceViewer.js
771 silly gunzTarPerm modified mode [ 'website/modules/components/SourceViewer.js', 436, 420 ]
772 silly gunzTarPerm extractEntry website/modules/components/WebExample.js
773 silly gunzTarPerm modified mode [ 'website/modules/components/WebExample.js', 436, 420 ]
774 silly gunzTarPerm extractEntry website/modules/docs/
775 silly gunzTarPerm modified mode [ 'website/modules/docs/', 509, 493 ]
776 silly gunzTarPerm extractEntry website/modules/docs/Core.js
777 silly gunzTarPerm modified mode [ 'website/modules/docs/Core.js', 436, 420 ]
778 silly gunzTarPerm extractEntry website/modules/docs/Native.js
779 silly gunzTarPerm modified mode [ 'website/modules/docs/Native.js', 436, 420 ]
780 silly gunzTarPerm extractEntry website/modules/docs/Web.js
781 silly gunzTarPerm modified mode [ 'website/modules/docs/Web.js', 436, 420 ]
782 silly gunzTarPerm extractEntry website/modules/examples/
783 silly gunzTarPerm modified mode [ 'website/modules/examples/', 509, 493 ]
784 silly gunzTarPerm extractEntry website/modules/examples/Ambiguous.js
785 silly gunzTarPerm modified mode [ 'website/modules/examples/Ambiguous.js', 436, 420 ]
786 silly gunzTarPerm extractEntry website/modules/examples/Animation.js
787 silly gunzTarPerm modified mode [ 'website/modules/examples/Animation.js', 436, 420 ]
788 silly gunzTarPerm extractEntry website/modules/examples/Auth.js
789 silly gunzTarPerm modified mode [ 'website/modules/examples/Auth.js', 436, 420 ]
790 silly gunzTarPerm extractEntry website/modules/examples/Basic.js
791 silly gunzTarPerm modified mode [ 'website/modules/examples/Basic.js', 436, 420 ]
792 silly gunzTarPerm extractEntry website/modules/examples/CustomLink.js
793 silly gunzTarPerm modified mode [ 'website/modules/examples/CustomLink.js', 436, 420 ]
794 silly gunzTarPerm extractEntry website/modules/examples/ModalGallery.js
795 silly gunzTarPerm modified mode [ 'website/modules/examples/ModalGallery.js', 436, 420 ]
796 silly gunzTarPerm extractEntry website/modules/examples/NoMatch.js
797 silly gunzTarPerm modified mode [ 'website/modules/examples/NoMatch.js', 436, 420 ]
798 silly gunzTarPerm extractEntry website/modules/examples/Params.js
799 silly gunzTarPerm modified mode [ 'website/modules/examples/Params.js', 436, 420 ]
800 silly gunzTarPerm extractEntry website/modules/examples/PreventingTransitions.js
801 silly gunzTarPerm modified mode [ 'website/modules/examples/PreventingTransitions.js', 436, 420 ]
802 silly gunzTarPerm extractEntry website/modules/examples/Recursive.js
803 silly gunzTarPerm modified mode [ 'website/modules/examples/Recursive.js', 436, 420 ]
804 silly gunzTarPerm extractEntry website/modules/examples/RouteConfig.js
805 silly gunzTarPerm modified mode [ 'website/modules/examples/RouteConfig.js', 436, 420 ]
806 silly gunzTarPerm extractEntry website/modules/examples/Sidebar.js
807 silly gunzTarPerm modified mode [ 'website/modules/examples/Sidebar.js', 436, 420 ]
808 silly gunzTarPerm extractEntry website/modules/examples/StaticRouter.js
809 silly gunzTarPerm modified mode [ 'website/modules/examples/StaticRouter.js', 436, 420 ]
810 silly gunzTarPerm extractEntry website/modules/index.js
811 silly gunzTarPerm modified mode [ 'website/modules/index.js', 436, 420 ]
812 silly gunzTarPerm extractEntry website/modules/logo.png
813 silly gunzTarPerm modified mode [ 'website/modules/logo.png', 436, 420 ]
814 silly gunzTarPerm extractEntry website/modules/utils/
815 silly gunzTarPerm modified mode [ 'website/modules/utils/', 509, 493 ]
816 silly gunzTarPerm extractEntry website/modules/utils/subscribeToMailingList.js
817 silly gunzTarPerm modified mode [ 'website/modules/utils/subscribeToMailingList.js', 436, 420 ]
818 silly gunzTarPerm extractEntry website/package-lock.json
819 silly gunzTarPerm modified mode [ 'website/package-lock.json', 436, 420 ]
820 silly gunzTarPerm extractEntry website/package.json
821 silly gunzTarPerm modified mode [ 'website/package.json', 436, 420 ]
822 silly gunzTarPerm extractEntry website/static/
823 silly gunzTarPerm modified mode [ 'website/static/', 509, 493 ]
824 silly gunzTarPerm extractEntry website/static/android-chrome-144x144.png
825 silly gunzTarPerm modified mode [ 'website/static/android-chrome-144x144.png', 436, 420 ]
826 silly gunzTarPerm extractEntry website/static/apple-touch-icon.png
827 silly gunzTarPerm modified mode [ 'website/static/apple-touch-icon.png', 436, 420 ]
828 silly gunzTarPerm extractEntry website/static/browserconfig.xml
829 silly gunzTarPerm modified mode [ 'website/static/browserconfig.xml', 436, 420 ]
830 silly gunzTarPerm extractEntry website/static/favicon-16x16.png
831 silly gunzTarPerm modified mode [ 'website/static/favicon-16x16.png', 436, 420 ]
832 silly gunzTarPerm extractEntry website/static/favicon-32x32.png
833 silly gunzTarPerm modified mode [ 'website/static/favicon-32x32.png', 436, 420 ]
834 silly gunzTarPerm extractEntry website/static/favicon.ico
835 silly gunzTarPerm modified mode [ 'website/static/favicon.ico', 436, 420 ]
836 silly gunzTarPerm extractEntry website/static/manifest.json
837 silly gunzTarPerm modified mode [ 'website/static/manifest.json', 436, 420 ]
838 silly gunzTarPerm extractEntry website/static/mstile-150x150.png
839 silly gunzTarPerm modified mode [ 'website/static/mstile-150x150.png', 436, 420 ]
840 silly gunzTarPerm extractEntry website/static/react-square.png
841 silly gunzTarPerm modified mode [ 'website/static/react-square.png', 436, 420 ]
842 silly gunzTarPerm extractEntry website/static/safari-pinned-tab.svg
843 silly gunzTarPerm modified mode [ 'website/static/safari-pinned-tab.svg', 436, 420 ]
844 silly gunzTarPerm extractEntry website/webpack.config.js
845 silly gunzTarPerm modified mode [ 'website/webpack.config.js', 436, 420 ]
846 silly gunzTarPerm extractEntry website/webpack/
847 silly gunzTarPerm modified mode [ 'website/webpack/', 509, 493 ]
848 silly gunzTarPerm extractEntry website/webpack/markdown-loader.js
849 silly gunzTarPerm modified mode [ 'website/webpack/markdown-loader.js', 436, 420 ]
850 silly gunzTarPerm extractEntry website/webpack/prismjs-loader.js
851 silly gunzTarPerm modified mode [ 'website/webpack/prismjs-loader.js', 436, 420 ]
852 silly fetchPackageMetaData Error: No version provided
852 silly fetchPackageMetaData     at /Users/pmikitsh/.nvm/versions/node/v6.14.2/lib/node_modules/npm/lib/cache/add-local-tarball.js:130:21
852 silly fetchPackageMetaData     at next (/Users/pmikitsh/.nvm/versions/node/v6.14.2/lib/node_modules/npm/node_modules/rimraf/rimraf.js:74:7)
852 silly fetchPackageMetaData     at FSReqWrap.CB [as oncomplete] (/Users/pmikitsh/.nvm/versions/node/v6.14.2/lib/node_modules/npm/node_modules/rimraf/rimraf.js:110:9)
852 silly fetchPackageMetaData  error for https://github.com/ReactTraining/react-router/tarball/13a855b71709645cb194ad083e8edc2161ce6e52 Error: No version provided
852 silly fetchPackageMetaData     at /Users/pmikitsh/.nvm/versions/node/v6.14.2/lib/node_modules/npm/lib/cache/add-local-tarball.js:130:21
852 silly fetchPackageMetaData     at next (/Users/pmikitsh/.nvm/versions/node/v6.14.2/lib/node_modules/npm/node_modules/rimraf/rimraf.js:74:7)
852 silly fetchPackageMetaData     at FSReqWrap.CB [as oncomplete] (/Users/pmikitsh/.nvm/versions/node/v6.14.2/lib/node_modules/npm/node_modules/rimraf/rimraf.js:110:9)
853 silly rollbackFailedOptional Starting
854 silly rollbackFailedOptional Finishing
855 silly runTopLevelLifecycles Finishing
856 silly install printInstalled
857 verbose stack Error: No version provided
857 verbose stack     at /Users/pmikitsh/.nvm/versions/node/v6.14.2/lib/node_modules/npm/lib/cache/add-local-tarball.js:130:21
857 verbose stack     at next (/Users/pmikitsh/.nvm/versions/node/v6.14.2/lib/node_modules/npm/node_modules/rimraf/rimraf.js:74:7)
857 verbose stack     at FSReqWrap.CB [as oncomplete] (/Users/pmikitsh/.nvm/versions/node/v6.14.2/lib/node_modules/npm/node_modules/rimraf/rimraf.js:110:9)
858 verbose cwd /Users/pmikitsh/git/hustle/import_test
859 error Darwin 17.6.0
860 error argv "/Users/pmikitsh/.nvm/versions/node/v6.14.2/bin/node" "/Users/pmikitsh/.nvm/versions/node/v6.14.2/bin/npm" "i" "--save" "https://github.com/ReactTraining/react-router/tarball/13a855b71709645cb194ad083e8edc2161ce6e52"
861 error node v6.14.2
862 error npm  v3.10.10
863 error No version provided
864 error If you need help, you may report this error at:
864 error     <https://github.com/npm/npm/issues>
865 verbose exit [ 1, true ]
